ciao
AddLinks chiamato da  0  e' terminato.
Thread  1 : doc letti =  30
AddLinks chiamato da  1  e' terminato.
Thread  1 : link =  https://stacks.stanford.edu/file/druid:jt687kv7146/jt687kv7146.pdf
Thread id=  1  ha scritto doc numero  0
Thread id=  1  ha scritto doc numero  1
Thread id=  1  ha scritto doc numero  2
Thread id=  1  ha scritto doc numero  3
Thread id=  1  ha scritto doc numero  4
Thread id=  1  ha scritto doc numero  5
Thread id=  1  ha scritto doc numero  6
Thread id=  1  ha scritto doc numero  7
Thread id=  1  ha scritto doc numero  8
Thread id=  1  ha scritto doc numero  9
Thread id=  1  ha scritto doc numero  10
Thread id=  1  ha scritto doc numero  11
Thread id=  1  ha scritto doc numero  12
Thread id=  1  ha scritto doc numero  13
Thread id=  1  ha scritto doc numero  14
Thread id=  1  ha scritto doc numero  15
Thread id=  1  ha scritto doc numero  16
Thread id=  1  ha scritto doc numero  17
Thread id=  1  ha scritto doc numero  18
Thread id=  1  ha scritto doc numero  19
Thread id=  1  ha scritto doc numero  20
Thread id=  1  ha scritto doc numero  21
Thread id=  1  ha scritto doc numero  22
Thread id=  1  ha scritto doc numero  23
Thread id=  1  ha scritto doc numero  24
Thread id=  1  ha scritto doc numero  25
Thread id=  1  ha scritto doc numero  26
Thread id=  1  ha scritto doc numero  27
Thread id=  1  ha scritto doc numero  28
Thread 1 iterazione 1 ha impiegato 36.854267718s
Main, doc letti = 30
Thread  1 : doc letti =  30
Thread  1 : link =  https://link.springer.com/article/10.1007/BF00058655
Thread id=  1  ha scritto doc numero  0
Thread id=  1  ha scritto doc numero  1
Thread id=  1  ha scritto doc numero  2
Thread id=  1  ha scritto doc numero  3
Thread id=  1  ha scritto doc numero  4
Thread id=  1  ha scritto doc numero  5
Thread id=  1  ha scritto doc numero  6
Thread id=  1  ha scritto doc numero  7
Thread id=  1  ha scritto doc numero  8
Thread id=  1  ha scritto doc numero  9
Thread id=  1  ha scritto doc numero  10
Thread id=  1  ha scritto doc numero  11
Thread id=  1  ha scritto doc numero  12
Thread id=  1  ha scritto doc numero  13
Thread id=  1  ha scritto doc numero  14
Thread id=  1  ha scritto doc numero  15
Thread id=  1  ha scritto doc numero  16
Thread id=  1  ha scritto doc numero  17
Thread id=  1  ha scritto doc numero  18
Thread id=  1  ha scritto doc numero  19
Thread id=  1  ha scritto doc numero  20
Thread id=  1  ha scritto doc numero  21
Thread id=  1  ha scritto doc numero  22
Thread id=  1  ha scritto doc numero  23
Thread id=  1  ha scritto doc numero  24
Thread id=  1  ha scritto doc numero  25
Thread id=  1  ha scritto doc numero  26
Thread id=  1  ha scritto doc numero  27
Thread id=  1  ha scritto doc numero  28
Thread id=  1  ha scritto doc numero  29
Thread 1 iterazione 2 ha impiegato 30.020001276s
Main, doc letti = 60
Thread  1 : doc letti =  30
Thread  1 : link =  https://link.springer.com/content/pdf/10.1007/978-0-387-84858-7.pdf
Thread id=  1  ha scritto doc numero  0
Thread id=  1  ha scritto doc numero  1
Thread id=  1  ha scritto doc numero  2
Thread id=  1  ha scritto doc numero  3
Thread id=  1  ha scritto doc numero  4
Thread id=  1  ha scritto doc numero  5
Thread id=  1  ha scritto doc numero  6
Thread id=  1  ha scritto doc numero  7
Thread id=  1  ha scritto doc numero  8
Thread id=  1  ha scritto doc numero  9
Thread id=  1  ha scritto doc numero  10
Thread id=  1  ha scritto doc numero  11
Thread id=  1  ha scritto doc numero  12
Thread id=  1  ha scritto doc numero  13
Thread id=  1  ha scritto doc numero  14
Thread id=  1  ha scritto doc numero  15
Thread id=  1  ha scritto doc numero  16
Thread id=  1  ha scritto doc numero  17
Thread id=  1  ha scritto doc numero  18
Thread id=  1  ha scritto doc numero  19
Thread id=  1  ha scritto doc numero  20
Thread id=  1  ha scritto doc numero  21
Thread id=  1  ha scritto doc numero  22
Thread id=  1  ha scritto doc numero  23
Thread id=  1  ha scritto doc numero  24
Thread id=  1  ha scritto doc numero  25
Thread id=  1  ha scritto doc numero  26
Thread id=  1  ha scritto doc numero  27
Thread id=  1  ha scritto doc numero  28
Thread 1 iterazione 3 ha impiegato 30.84157401s
Main, doc letti = 90
Thread  1 : doc letti =  30
Thread  1 : link =  https://books.google.com/books?hl=en&lr=&id=pQws07tdpjoC&oi=fnd&pg=PP1&ots=tzIuXUoAY-&sig=DmUYOy3ikrTFd16XW9wUj8RPnOA
Thread id=  1  ha scritto doc numero  0
Thread id=  1  ha scritto doc numero  1
Thread id=  1  ha scritto doc numero  2
Thread id=  1  ha scritto doc numero  3
Thread id=  1  ha scritto doc numero  4
Thread id=  1  ha scritto doc numero  5
Thread id=  1  ha scritto doc numero  6
Thread id=  1  ha scritto doc numero  7
Thread id=  1  ha scritto doc numero  8
Thread id=  1  ha scritto doc numero  9
Thread id=  1  ha scritto doc numero  10
Thread id=  1  ha scritto doc numero  11
Thread id=  1  ha scritto doc numero  12
Thread id=  1  ha scritto doc numero  13
Thread id=  1  ha scritto doc numero  14
Thread id=  1  ha scritto doc numero  15
Thread id=  1  ha scritto doc numero  16
Thread id=  1  ha scritto doc numero  17
Thread id=  1  ha scritto doc numero  18
Thread id=  1  ha scritto doc numero  19
Thread id=  1  ha scritto doc numero  20
Thread id=  1  ha scritto doc numero  21
Thread id=  1  ha scritto doc numero  22
Thread id=  1  ha scritto doc numero  23
Thread id=  1  ha scritto doc numero  24
Thread id=  1  ha scritto doc numero  25
Thread id=  1  ha scritto doc numero  26
Thread id=  1  ha scritto doc numero  27
Thread id=  1  ha scritto doc numero  28
Thread 1 iterazione 4 ha impiegato 27.224368154s
Main, doc letti = 120
Concurrency ha impiegato 2m20.651566702s
ciao
AddLinks chiamato da  0  e' terminato.
Thread  1 : doc letti =  30
Thread  1 : link =  https://projecteuclid.org/euclid.ss/1009213726
Thread id=  1  ha scritto doc numero  0
Thread id=  1  ha scritto doc numero  1
Thread id=  1  ha scritto doc numero  2
Thread id=  1  ha scritto doc numero  3
Thread id=  1  ha scritto doc numero  4
Thread id=  1  ha scritto doc numero  5
Thread id=  1  ha scritto doc numero  6
Thread id=  1  ha scritto doc numero  7
Thread id=  1  ha scritto doc numero  8
Thread id=  1  ha scritto doc numero  9
Thread id=  1  ha scritto doc numero  10
Thread id=  1  ha scritto doc numero  11
Thread id=  1  ha scritto doc numero  12
Thread id=  1  ha scritto doc numero  13
Thread id=  1  ha scritto doc numero  14
Thread id=  1  ha scritto doc numero  15
Thread id=  1  ha scritto doc numero  16
Thread id=  1  ha scritto doc numero  17
Thread id=  1  ha scritto doc numero  18
Thread id=  1  ha scritto doc numero  19
Thread id=  1  ha scritto doc numero  20
Thread id=  1  ha scritto doc numero  21
Thread id=  1  ha scritto doc numero  22
Thread id=  1  ha scritto doc numero  23
Thread id=  1  ha scritto doc numero  24
Thread id=  1  ha scritto doc numero  25
Thread id=  1  ha scritto doc numero  26
Thread id=  1  ha scritto doc numero  27
Thread id=  1  ha scritto doc numero  28
Thread 1 iterazione 5 ha impiegato 48.546137537s
