nohup: input ignorato
2018-10-17 14:30:57.514+0000 INFO  ======== Neo4j 3.4.7 ========
2018-10-17 14:30:57.753+0000 INFO  Starting...
2018-10-17 14:31:05.368+0000 INFO  Initiating metrics...
2018-10-17 14:31:10.760+0000 INFO  Sending metrics to CSV file at /home/paoloc/Documenti/neo4j-enterprise-3.4.7/metrics
2018-10-17 14:31:12.624+0000 INFO  Bolt enabled on 127.0.0.1:7687.
2018-10-17 14:31:14.083+0000 WARN  Server thread metrics not available (missing neo4j.server.threads.jetty.all)
2018-10-17 14:31:14.089+0000 WARN  Server thread metrics not available (missing neo4j.server.threads.jetty.idle)
2018-10-17 14:31:39.499+0000 INFO  Started.
2018-10-17 14:31:40.181+0000 INFO  Mounted REST API at: /db/manage
2018-10-17 14:31:40.608+0000 INFO  Server thread metrics has been registered successfully
2018-10-17 14:31:45.796+0000 INFO  Remote interface available at http://localhost:7474/
2018-10-17 14:33:02.319+0000 INFO  Neo4j Server shutdown initiated by request
2018-10-17 14:33:02.430+0000 INFO  Stopping...
2018-10-17 14:33:02.788+0000 INFO  Stopped.
nohup: input ignorato
2018-10-17 14:33:10.308+0000 INFO  ======== Neo4j 3.4.7 ========
2018-10-17 14:33:10.443+0000 INFO  Starting...
2018-10-17 14:33:14.456+0000 INFO  Initiating metrics...
2018-10-17 14:33:17.138+0000 INFO  Sending metrics to CSV file at /home/paoloc/Documenti/neo4j-enterprise-3.4.7/metrics
2018-10-17 14:33:19.041+0000 INFO  Bolt enabled on 127.0.0.1:7687.
2018-10-17 14:33:20.401+0000 WARN  Server thread metrics not available (missing neo4j.server.threads.jetty.all)
2018-10-17 14:33:20.406+0000 WARN  Server thread metrics not available (missing neo4j.server.threads.jetty.idle)
2018-10-17 14:33:29.525+0000 INFO  Started.
2018-10-17 14:33:30.169+0000 INFO  Mounted REST API at: /db/manage
2018-10-17 14:33:30.470+0000 INFO  Server thread metrics has been registered successfully
2018-10-17 14:33:34.976+0000 INFO  Remote interface available at http://localhost:7474/
nohup: input ignorato
2018-10-17 17:11:56.515+0000 INFO  ======== Neo4j 3.4.7 ========
2018-10-17 17:11:56.603+0000 INFO  Starting...
2018-10-17 17:11:58.985+0000 INFO  Initiating metrics...
2018-10-17 17:12:00.707+0000 INFO  Sending metrics to CSV file at /home/paoloc/go/src/github.com/return55/tirocinio/docDatabase/neo4j-enterprise-3.4.7/metrics
2018-10-17 17:12:01.297+0000 INFO  Bolt enabled on 127.0.0.1:7687.
2018-10-17 17:12:03.754+0000 WARN  Server thread metrics not available (missing neo4j.server.threads.jetty.all)
2018-10-17 17:12:03.757+0000 WARN  Server thread metrics not available (missing neo4j.server.threads.jetty.idle)
2018-10-17 17:12:05.339+0000 INFO  Started.
2018-10-17 17:12:05.675+0000 INFO  Mounted REST API at: /db/manage
2018-10-17 17:12:05.805+0000 INFO  Server thread metrics has been registered successfully
2018-10-17 17:12:07.713+0000 INFO  Remote interface available at http://localhost:7474/
nohup: input ignorato
2018-10-28 11:32:51.328+0000 INFO  ======== Neo4j 3.4.7 ========
2018-10-28 11:32:51.439+0000 INFO  Starting...
2018-10-28 11:32:53.994+0000 INFO  Initiating metrics...
2018-10-28 11:32:57.468+0000 INFO  Sending metrics to CSV file at /home/paoloc/go/src/github.com/return55/tirocinio/docDatabase/neo4j-enterprise-3.4.7/metrics
2018-10-28 11:32:58.903+0000 INFO  Bolt enabled on 127.0.0.1:7687.
2018-10-28 11:33:00.830+0000 WARN  Server thread metrics not available (missing neo4j.server.threads.jetty.all)
2018-10-28 11:33:00.840+0000 WARN  Server thread metrics not available (missing neo4j.server.threads.jetty.idle)
2018-10-28 11:33:08.004+0000 INFO  Started.
2018-10-28 11:33:08.671+0000 INFO  Mounted REST API at: /db/manage
2018-10-28 11:33:08.954+0000 INFO  Server thread metrics has been registered successfully
2018-10-28 11:33:10.916+0000 INFO  Remote interface available at http://localhost:7474/
nohup: input ignorato
2018-10-28 16:42:16.300+0000 INFO  ======== Neo4j 3.4.7 ========
2018-10-28 16:42:16.374+0000 INFO  Starting...
2018-10-28 16:42:18.546+0000 INFO  Initiating metrics...
2018-10-28 16:42:20.270+0000 INFO  Sending metrics to CSV file at /home/paoloc/go/src/github.com/return55/tirocinio/docDatabase/neo4j-enterprise-3.4.7/metrics
2018-10-28 16:42:20.747+0000 INFO  Bolt enabled on 127.0.0.1:7687.
2018-10-28 16:42:23.304+0000 WARN  Server thread metrics not available (missing neo4j.server.threads.jetty.all)
2018-10-28 16:42:23.314+0000 WARN  Server thread metrics not available (missing neo4j.server.threads.jetty.idle)
2018-10-28 16:42:24.727+0000 INFO  Started.
2018-10-28 16:42:24.925+0000 INFO  Mounted REST API at: /db/manage
2018-10-28 16:42:24.981+0000 INFO  Server thread metrics has been registered successfully
2018-10-28 16:42:26.506+0000 INFO  Remote interface available at http://localhost:7474/
2018-10-28 16:57:07.926+0000 INFO  Neo4j Server shutdown initiated by request
2018-10-28 16:57:07.940+0000 INFO  Stopping...
2018-10-28 16:57:08.123+0000 INFO  Stopped.
nohup: input ignorato
2018-10-28 16:57:10.129+0000 INFO  ======== Neo4j 3.4.7 ========
2018-10-28 16:57:10.204+0000 INFO  Starting...
2018-10-28 16:57:12.413+0000 INFO  Initiating metrics...
2018-10-28 16:57:14.092+0000 INFO  Sending metrics to CSV file at /home/paoloc/go/src/github.com/return55/tirocinio/docDatabase/neo4j-enterprise-3.4.7/metrics
2018-10-28 16:57:14.524+0000 INFO  Bolt enabled on 127.0.0.1:7687.
2018-10-28 16:57:17.140+0000 WARN  Server thread metrics not available (missing neo4j.server.threads.jetty.all)
2018-10-28 16:57:17.150+0000 WARN  Server thread metrics not available (missing neo4j.server.threads.jetty.idle)
2018-10-28 16:57:19.243+0000 INFO  Started.
2018-10-28 16:57:19.793+0000 INFO  Mounted REST API at: /db/manage
2018-10-28 16:57:20.018+0000 INFO  Server thread metrics has been registered successfully
2018-10-28 16:57:24.254+0000 INFO  Remote interface available at http://localhost:7474/
2018-10-28 20:59:09.559+0000 INFO  Neo4j Server shutdown initiated by request
2018-10-28 20:59:09.668+0000 INFO  Stopping...
2018-10-28 20:59:09.884+0000 INFO  Stopped.
nohup: input ignorato
2018-10-29 07:17:11.677+0000 INFO  ======== Neo4j 3.4.7 ========
2018-10-29 07:17:11.819+0000 INFO  Starting...
2018-10-29 07:17:15.057+0000 INFO  Initiating metrics...
2018-10-29 07:17:17.407+0000 INFO  Sending metrics to CSV file at /home/paoloc/go/src/github.com/return55/tirocinio/docDatabase/neo4j-enterprise-3.4.7/metrics
2018-10-29 07:17:18.116+0000 INFO  Bolt enabled on 127.0.0.1:7687.
2018-10-29 07:17:20.753+0000 WARN  Server thread metrics not available (missing neo4j.server.threads.jetty.all)
2018-10-29 07:17:20.755+0000 WARN  Server thread metrics not available (missing neo4j.server.threads.jetty.idle)
2018-10-29 07:17:23.346+0000 INFO  Started.
2018-10-29 07:17:23.879+0000 INFO  Mounted REST API at: /db/manage
2018-10-29 07:17:23.994+0000 INFO  Server thread metrics has been registered successfully
2018-10-29 07:17:25.969+0000 INFO  Remote interface available at http://localhost:7474/
2018-10-29 07:50:17.918+0000 INFO  Neo4j Server shutdown initiated by request
2018-10-29 07:50:18.000+0000 INFO  Stopping...
2018-10-29 07:50:18.163+0000 INFO  Stopped.
nohup: input ignorato
2018-10-29 07:50:24.234+0000 INFO  ======== Neo4j 3.4.7 ========
2018-10-29 07:50:24.367+0000 INFO  Starting...
2018-10-29 07:50:27.129+0000 INFO  Initiating metrics...
2018-10-29 07:50:28.618+0000 INFO  Sending metrics to CSV file at /home/paoloc/go/src/github.com/return55/tirocinio/docDatabase/neo4j-enterprise-3.4.7/metrics
2018-10-29 07:50:29.268+0000 INFO  Bolt enabled on 127.0.0.1:7687.
2018-10-29 07:50:31.673+0000 WARN  Server thread metrics not available (missing neo4j.server.threads.jetty.all)
2018-10-29 07:50:31.675+0000 WARN  Server thread metrics not available (missing neo4j.server.threads.jetty.idle)
2018-10-29 07:50:41.179+0000 INFO  Started.
2018-10-29 07:50:41.325+0000 INFO  Mounted REST API at: /db/manage
2018-10-29 07:50:41.478+0000 INFO  Server thread metrics has been registered successfully
2018-10-29 07:50:43.231+0000 INFO  Remote interface available at http://localhost:7474/
2018-10-29 08:08:41.468+0000 INFO  Neo4j Server shutdown initiated by request
2018-10-29 08:08:41.488+0000 INFO  Stopping...
2018-10-29 08:08:41.651+0000 INFO  Stopped.
nohup: input ignorato
2018-10-29 08:08:50.006+0000 INFO  ======== Neo4j 3.4.7 ========
2018-10-29 08:08:50.071+0000 INFO  Starting...
2018-10-29 08:08:52.618+0000 INFO  Initiating metrics...
2018-10-29 08:08:54.067+0000 INFO  Sending metrics to CSV file at /home/paoloc/go/src/github.com/return55/tirocinio/docDatabase/neo4j-enterprise-3.4.7/metrics
2018-10-29 08:08:54.565+0000 INFO  Bolt enabled on 127.0.0.1:7687.
2018-10-29 08:08:57.116+0000 WARN  Server thread metrics not available (missing neo4j.server.threads.jetty.all)
2018-10-29 08:08:57.116+0000 WARN  Server thread metrics not available (missing neo4j.server.threads.jetty.idle)
2018-10-29 08:09:06.345+0000 INFO  Started.
2018-10-29 08:09:06.556+0000 INFO  Mounted REST API at: /db/manage
2018-10-29 08:09:06.764+0000 INFO  Server thread metrics has been registered successfully
2018-10-29 08:09:08.846+0000 INFO  Remote interface available at http://localhost:7474/
2018-10-29 08:13:05.585+0000 INFO  Neo4j Server shutdown initiated by request
2018-10-29 08:13:05.617+0000 INFO  Stopping...
2018-10-29 08:13:05.795+0000 INFO  Stopped.
nohup: input ignorato
2018-10-29 08:13:10.462+0000 INFO  ======== Neo4j 3.4.7 ========
2018-10-29 08:13:10.518+0000 INFO  Starting...
2018-10-29 08:13:13.546+0000 INFO  Initiating metrics...
2018-10-29 08:13:15.036+0000 INFO  Sending metrics to CSV file at /home/paoloc/go/src/github.com/return55/tirocinio/docDatabase/neo4j-enterprise-3.4.7/metrics
2018-10-29 08:13:15.510+0000 INFO  Bolt enabled on 127.0.0.1:7687.
2018-10-29 08:13:18.085+0000 WARN  Server thread metrics not available (missing neo4j.server.threads.jetty.all)
2018-10-29 08:13:18.085+0000 WARN  Server thread metrics not available (missing neo4j.server.threads.jetty.idle)
2018-10-29 08:13:25.563+0000 INFO  Started.
2018-10-29 08:13:25.738+0000 INFO  Mounted REST API at: /db/manage
2018-10-29 08:13:25.879+0000 INFO  Server thread metrics has been registered successfully
2018-10-29 08:13:27.542+0000 INFO  Remote interface available at http://localhost:7474/
nohup: input ignorato
2018-10-29 14:37:47.328+0000 INFO  ======== Neo4j 3.4.7 ========
2018-10-29 14:37:47.461+0000 INFO  Starting...
2018-10-29 14:37:50.716+0000 INFO  Initiating metrics...
2018-10-29 14:37:52.743+0000 INFO  Sending metrics to CSV file at /home/paoloc/go/src/github.com/return55/tirocinio/docDatabase/neo4j-enterprise-3.4.7/metrics
2018-10-29 14:37:53.434+0000 INFO  Bolt enabled on 127.0.0.1:7687.
2018-10-29 14:37:56.050+0000 WARN  Server thread metrics not available (missing neo4j.server.threads.jetty.all)
2018-10-29 14:37:56.050+0000 WARN  Server thread metrics not available (missing neo4j.server.threads.jetty.idle)
2018-10-29 14:38:09.380+0000 INFO  Started.
2018-10-29 14:38:09.556+0000 INFO  Mounted REST API at: /db/manage
2018-10-29 14:38:09.674+0000 INFO  Server thread metrics has been registered successfully
2018-10-29 14:38:11.641+0000 INFO  Remote interface available at http://localhost:7474/
nohup: input ignorato
2018-10-30 16:43:59.148+0000 INFO  ======== Neo4j 3.4.7 ========
2018-10-30 16:43:59.274+0000 INFO  Starting...
2018-10-30 16:44:02.640+0000 INFO  Initiating metrics...
2018-10-30 16:44:05.157+0000 INFO  Sending metrics to CSV file at /home/paoloc/go/src/github.com/return55/tirocinio/docDatabase/neo4j-enterprise-3.4.7/metrics
2018-10-30 16:44:05.842+0000 INFO  Bolt enabled on 127.0.0.1:7687.
2018-10-30 16:44:08.309+0000 WARN  Server thread metrics not available (missing neo4j.server.threads.jetty.all)
2018-10-30 16:44:08.309+0000 WARN  Server thread metrics not available (missing neo4j.server.threads.jetty.idle)
2018-10-30 16:44:26.755+0000 INFO  Started.
2018-10-30 16:44:27.139+0000 INFO  Mounted REST API at: /db/manage
2018-10-30 16:44:27.383+0000 INFO  Server thread metrics has been registered successfully
2018-10-30 16:44:29.919+0000 INFO  Remote interface available at http://localhost:7474/
nohup: input ignorato
2018-11-03 10:28:33.486+0000 INFO  ======== Neo4j 3.4.7 ========
2018-11-03 10:28:33.609+0000 INFO  Starting...
2018-11-03 10:28:36.956+0000 INFO  Initiating metrics...
2018-11-03 10:28:40.935+0000 INFO  Sending metrics to CSV file at /home/paoloc/go/src/github.com/return55/tirocinio/docDatabase/neo4j-enterprise-3.4.7/metrics
2018-11-03 10:28:42.002+0000 INFO  Bolt enabled on 127.0.0.1:7687.
2018-11-03 10:28:44.063+0000 WARN  Server thread metrics not available (missing neo4j.server.threads.jetty.all)
2018-11-03 10:28:44.063+0000 WARN  Server thread metrics not available (missing neo4j.server.threads.jetty.idle)
2018-11-03 10:29:00.748+0000 INFO  Started.
2018-11-03 10:29:01.240+0000 INFO  Mounted REST API at: /db/manage
2018-11-03 10:29:01.817+0000 INFO  Server thread metrics has been registered successfully
2018-11-03 10:29:04.120+0000 INFO  Remote interface available at http://localhost:7474/
nohup: input ignorato
2018-11-08 10:57:26.651+0000 INFO  ======== Neo4j 3.4.7 ========
2018-11-08 10:57:26.759+0000 INFO  Starting...
2018-11-08 10:57:29.922+0000 INFO  Initiating metrics...
2018-11-08 10:57:32.366+0000 INFO  Sending metrics to CSV file at /home/paoloc/go/src/github.com/return55/tirocinio/docDatabase/neo4j-enterprise-3.4.7/metrics
2018-11-08 10:57:33.066+0000 INFO  Bolt enabled on 127.0.0.1:7687.
2018-11-08 10:57:38.116+0000 WARN  Server thread metrics not available (missing neo4j.server.threads.jetty.all)
2018-11-08 10:57:38.117+0000 WARN  Server thread metrics not available (missing neo4j.server.threads.jetty.idle)
2018-11-08 10:57:57.354+0000 INFO  Started.
2018-11-08 10:57:57.645+0000 INFO  Mounted REST API at: /db/manage
2018-11-08 10:57:58.133+0000 INFO  Server thread metrics has been registered successfully
2018-11-08 10:58:00.512+0000 INFO  Remote interface available at http://localhost:7474/
nohup: input ignorato
2018-11-13 14:56:44.086+0000 INFO  ======== Neo4j 3.4.7 ========
2018-11-13 14:56:44.225+0000 INFO  Starting...
2018-11-13 14:56:47.679+0000 INFO  Initiating metrics...
2018-11-13 14:56:50.146+0000 INFO  Sending metrics to CSV file at /home/paoloc/go/src/github.com/return55/tirocinio/docDatabase/neo4j-enterprise-3.4.7/metrics
2018-11-13 14:56:50.916+0000 INFO  Bolt enabled on 127.0.0.1:7687.
2018-11-13 14:56:53.378+0000 WARN  Server thread metrics not available (missing neo4j.server.threads.jetty.all)
2018-11-13 14:56:53.379+0000 WARN  Server thread metrics not available (missing neo4j.server.threads.jetty.idle)
2018-11-13 14:57:06.291+0000 INFO  Started.
2018-11-13 14:57:06.824+0000 INFO  Mounted REST API at: /db/manage
2018-11-13 14:57:07.117+0000 INFO  Server thread metrics has been registered successfully
2018-11-13 14:57:09.784+0000 INFO  Remote interface available at http://localhost:7474/
nohup: input ignorato
2018-11-13 20:58:31.555+0000 INFO  ======== Neo4j 3.4.7 ========
2018-11-13 20:58:31.672+0000 INFO  Starting...
2018-11-13 20:58:38.107+0000 INFO  Initiating metrics...
2018-11-13 20:58:41.764+0000 INFO  Sending metrics to CSV file at /home/paoloc/go/src/github.com/return55/tirocinio/docDatabase/neo4j-enterprise-3.4.7/metrics
2018-11-13 20:58:42.594+0000 INFO  Bolt enabled on 127.0.0.1:7687.
2018-11-13 20:58:45.383+0000 WARN  Server thread metrics not available (missing neo4j.server.threads.jetty.all)
2018-11-13 20:58:45.403+0000 WARN  Server thread metrics not available (missing neo4j.server.threads.jetty.idle)
2018-11-13 20:59:05.373+0000 INFO  Started.
2018-11-13 20:59:05.631+0000 INFO  Mounted REST API at: /db/manage
2018-11-13 20:59:05.899+0000 INFO  Server thread metrics has been registered successfully
2018-11-13 20:59:08.731+0000 INFO  Remote interface available at http://localhost:7474/
nohup: input ignorato
2018-11-14 18:19:47.879+0000 INFO  ======== Neo4j 3.4.7 ========
2018-11-14 18:19:48.047+0000 INFO  Starting...
2018-11-14 18:19:52.656+0000 INFO  Initiating metrics...
2018-11-14 18:19:55.514+0000 INFO  Sending metrics to CSV file at /home/paoloc/go/src/github.com/return55/tirocinio/docDatabase/neo4j-enterprise-3.4.7/metrics
2018-11-14 18:19:56.469+0000 INFO  Bolt enabled on 127.0.0.1:7687.
2018-11-14 18:19:59.436+0000 WARN  Server thread metrics not available (missing neo4j.server.threads.jetty.all)
2018-11-14 18:19:59.478+0000 WARN  Server thread metrics not available (missing neo4j.server.threads.jetty.idle)
2018-11-14 18:20:13.376+0000 INFO  Started.
2018-11-14 18:20:13.541+0000 INFO  Mounted REST API at: /db/manage
2018-11-14 18:20:14.245+0000 INFO  Server thread metrics has been registered successfully
2018-11-14 18:20:17.556+0000 INFO  Remote interface available at http://localhost:7474/
nohup: input ignorato
2018-11-22 11:02:49.579+0000 INFO  ======== Neo4j 3.4.7 ========
2018-11-22 11:02:49.727+0000 INFO  Starting...
2018-11-22 11:02:55.088+0000 INFO  Initiating metrics...
2018-11-22 11:02:58.122+0000 INFO  Sending metrics to CSV file at /home/paoloc/go/src/github.com/return55/tirocinio/docDatabase/neo4j-enterprise-3.4.7/metrics
2018-11-22 11:02:59.100+0000 INFO  Bolt enabled on 127.0.0.1:7687.
2018-11-22 11:03:01.461+0000 WARN  Server thread metrics not available (missing neo4j.server.threads.jetty.all)
2018-11-22 11:03:01.466+0000 WARN  Server thread metrics not available (missing neo4j.server.threads.jetty.idle)
2018-11-22 11:03:25.941+0000 INFO  Started.
2018-11-22 11:03:27.482+0000 INFO  Mounted REST API at: /db/manage
2018-11-22 11:03:28.308+0000 INFO  Server thread metrics has been registered successfully
2018-11-22 11:03:32.744+0000 INFO  Remote interface available at http://localhost:7474/
#
# A fatal error has been detected by the Java Runtime Environment:
#
#  SIGSEGV (0xb) at pc=0x00007f3f49caf33e, pid=2667, tid=0x00007f3f24887700
#
# JRE version: OpenJDK Runtime Environment (8.0_181-b13) (build 1.8.0_181-8u181-b13-2~deb9u1-b13)
# Java VM: OpenJDK 64-Bit Server VM (25.181-b13 mixed mode linux-amd64 compressed oops)
# Problematic frame:
# J 4896 C2 org.neo4j.internal.kernel.api.procs.QualifiedName.toString()Ljava/lang/String; (65 bytes) @ 0x00007f3f49caf33e [0x00007f3f49caf0e0+0x25e]
#
# Failed to write core dump. Core dumps have been disabled. To enable core dumping, try "ulimit -c unlimited" before starting Java again
#
# An error report file with more information is saved as:
# /home/paoloc/go/src/github.com/return55/tirocinio/hs_err_pid2667.log
#
# If you would like to submit a bug report, please visit:
#   http://bugreport.java.com/bugreport/crash.jsp
#
nohup: input ignorato
2018-11-25 10:45:32.732+0000 INFO  ======== Neo4j 3.4.7 ========
2018-11-25 10:45:32.855+0000 INFO  Starting...
2018-11-25 10:45:36.501+0000 INFO  Initiating metrics...
2018-11-25 10:45:38.396+0000 INFO  Sending metrics to CSV file at /home/paoloc/go/src/github.com/return55/tirocinio/docDatabase/neo4j-enterprise-3.4.7/metrics
2018-11-25 10:45:39.039+0000 INFO  Bolt enabled on 127.0.0.1:7687.
2018-11-25 10:45:41.669+0000 WARN  Server thread metrics not available (missing neo4j.server.threads.jetty.all)
2018-11-25 10:45:41.677+0000 WARN  Server thread metrics not available (missing neo4j.server.threads.jetty.idle)
2018-11-25 10:45:51.104+0000 INFO  Started.
2018-11-25 10:45:51.321+0000 INFO  Mounted REST API at: /db/manage
2018-11-25 10:45:51.443+0000 INFO  Server thread metrics has been registered successfully
2018-11-25 10:45:52.984+0000 INFO  Remote interface available at http://localhost:7474/
nohup: input ignorato
2018-11-27 15:55:24.210+0000 INFO  ======== Neo4j 3.4.7 ========
2018-11-27 15:55:24.323+0000 INFO  Starting...
2018-11-27 15:55:27.539+0000 INFO  Initiating metrics...
2018-11-27 15:55:29.627+0000 INFO  Sending metrics to CSV file at /home/paoloc/go/src/github.com/return55/tirocinio/docDatabase/neo4j-enterprise-3.4.7/metrics
2018-11-27 15:55:30.500+0000 INFO  Bolt enabled on 127.0.0.1:7687.
2018-11-27 15:55:32.862+0000 WARN  Server thread metrics not available (missing neo4j.server.threads.jetty.all)
2018-11-27 15:55:32.869+0000 WARN  Server thread metrics not available (missing neo4j.server.threads.jetty.idle)
2018-11-27 15:55:43.441+0000 INFO  Started.
2018-11-27 15:55:43.622+0000 INFO  Mounted REST API at: /db/manage
2018-11-27 15:55:43.779+0000 INFO  Server thread metrics has been registered successfully
2018-11-27 15:55:45.422+0000 INFO  Remote interface available at http://localhost:7474/
nohup: input ignorato
2018-11-29 14:09:40.604+0000 INFO  ======== Neo4j 3.4.7 ========
2018-11-29 14:09:40.743+0000 INFO  Starting...
2018-11-29 14:09:44.337+0000 INFO  Initiating metrics...
2018-11-29 14:09:46.542+0000 INFO  Sending metrics to CSV file at /home/paoloc/go/src/github.com/return55/tirocinio/docDatabase/neo4j-enterprise-3.4.7/metrics
2018-11-29 14:09:47.367+0000 INFO  Bolt enabled on 127.0.0.1:7687.
2018-11-29 14:09:49.781+0000 WARN  Server thread metrics not available (missing neo4j.server.threads.jetty.all)
2018-11-29 14:09:49.788+0000 WARN  Server thread metrics not available (missing neo4j.server.threads.jetty.idle)
2018-11-29 14:10:01.116+0000 INFO  Started.
2018-11-29 14:10:01.346+0000 INFO  Mounted REST API at: /db/manage
2018-11-29 14:10:01.506+0000 INFO  Server thread metrics has been registered successfully
2018-11-29 14:10:04.436+0000 INFO  Remote interface available at http://localhost:7474/
nohup: input ignorato
2018-12-01 15:20:01.518+0000 INFO  ======== Neo4j 3.4.7 ========
2018-12-01 15:20:01.649+0000 INFO  Starting...
2018-12-01 15:20:05.265+0000 INFO  Initiating metrics...
2018-12-01 15:20:07.530+0000 INFO  Sending metrics to CSV file at /home/paoloc/go/src/github.com/return55/tirocinio/docDatabase/neo4j-enterprise-3.4.7/metrics
2018-12-01 15:20:08.235+0000 INFO  Bolt enabled on 127.0.0.1:7687.
2018-12-01 15:20:10.855+0000 WARN  Server thread metrics not available (missing neo4j.server.threads.jetty.all)
2018-12-01 15:20:10.859+0000 WARN  Server thread metrics not available (missing neo4j.server.threads.jetty.idle)
2018-12-01 15:21:22.402+0000 INFO  Started.
2018-12-01 15:21:24.001+0000 INFO  Mounted REST API at: /db/manage
2018-12-01 15:21:25.902+0000 INFO  Server thread metrics has been registered successfully
2018-12-01 15:21:30.531+0000 INFO  Remote interface available at http://localhost:7474/
nohup: input ignorato
2018-12-01 15:35:43.510+0000 INFO  ======== Neo4j 3.4.7 ========
2018-12-01 15:35:43.657+0000 INFO  Starting...
2018-12-01 15:35:48.035+0000 INFO  Initiating metrics...
2018-12-01 15:35:52.833+0000 INFO  Sending metrics to CSV file at /home/paoloc/go/src/github.com/return55/tirocinio/docDatabase/neo4j-enterprise-3.4.7/metrics
2018-12-01 15:35:54.437+0000 INFO  Bolt enabled on 127.0.0.1:7687.
2018-12-01 15:35:56.186+0000 WARN  Server thread metrics not available (missing neo4j.server.threads.jetty.all)
2018-12-01 15:35:56.192+0000 WARN  Server thread metrics not available (missing neo4j.server.threads.jetty.idle)
2018-12-01 15:36:06.080+0000 INFO  Started.
2018-12-01 15:36:06.272+0000 INFO  Mounted REST API at: /db/manage
2018-12-01 15:36:06.403+0000 INFO  Server thread metrics has been registered successfully
2018-12-01 15:36:08.081+0000 INFO  Remote interface available at http://localhost:7474/
nohup: input ignorato
2018-12-03 15:10:20.107+0000 INFO  ======== Neo4j 3.4.7 ========
2018-12-03 15:10:20.235+0000 INFO  Starting...
2018-12-03 15:10:24.146+0000 INFO  Initiating metrics...
2018-12-03 15:10:26.784+0000 INFO  Sending metrics to CSV file at /home/paoloc/go/src/github.com/return55/tirocinio/docDatabase/neo4j-enterprise-3.4.7/metrics
2018-12-03 15:10:28.250+0000 INFO  Bolt enabled on 127.0.0.1:7687.
2018-12-03 15:10:30.218+0000 WARN  Server thread metrics not available (missing neo4j.server.threads.jetty.all)
2018-12-03 15:10:30.224+0000 WARN  Server thread metrics not available (missing neo4j.server.threads.jetty.idle)
2018-12-03 15:11:20.944+0000 INFO  Started.
2018-12-03 15:11:22.563+0000 INFO  Mounted REST API at: /db/manage
2018-12-03 15:11:23.837+0000 INFO  Server thread metrics has been registered successfully
2018-12-03 15:11:31.795+0000 INFO  Remote interface available at http://localhost:7474/
nohup: input ignorato
2018-12-06 14:21:28.044+0000 INFO  ======== Neo4j 3.4.7 ========
2018-12-06 14:21:28.160+0000 INFO  Starting...
2018-12-06 14:21:31.214+0000 INFO  Initiating metrics...
2018-12-06 14:21:33.216+0000 INFO  Sending metrics to CSV file at /home/paoloc/go/src/github.com/return55/tirocinio/docDatabase/neo4j-enterprise-3.4.7/metrics
2018-12-06 14:21:33.887+0000 INFO  Bolt enabled on 127.0.0.1:7687.
2018-12-06 14:21:36.539+0000 WARN  Server thread metrics not available (missing neo4j.server.threads.jetty.all)
2018-12-06 14:21:36.548+0000 WARN  Server thread metrics not available (missing neo4j.server.threads.jetty.idle)
2018-12-06 14:21:44.746+0000 INFO  Started.
2018-12-06 14:21:44.923+0000 INFO  Mounted REST API at: /db/manage
2018-12-06 14:21:45.377+0000 INFO  Server thread metrics has been registered successfully
2018-12-06 14:21:47.049+0000 INFO  Remote interface available at http://localhost:7474/
2018-12-06 15:12:22.547+0000 ERROR Client triggered an unexpected error [Neo.DatabaseError.General.UnknownError]: key not found: MAField, reference abb5e6b8-72db-41a3-aee2-eae2c0e8e0f4.
2018-12-06 15:12:28.141+0000 ERROR Client triggered an unexpected error [Neo.DatabaseError.General.UnknownError]: key not found: MAField, reference 8e9ab060-6919-4a34-be8b-9963d4ff2189.
2018-12-06 15:12:30.399+0000 ERROR Client triggered an unexpected error [Neo.DatabaseError.General.UnknownError]: key not found: MAField, reference 912ce693-09ae-40e7-83b3-0afd5d19854c.
2018-12-06 15:12:42.434+0000 ERROR Client triggered an unexpected error [Neo.DatabaseError.General.UnknownError]: key not found: MAField, reference 7388d221-2b5c-4c57-9314-6c0955458b04.
2018-12-06 15:12:57.307+0000 ERROR Client triggered an unexpected error [Neo.DatabaseError.General.UnknownError]: key not found: n1MAField, reference 4bea71b1-7ae7-43d2-b46d-39e17a04bc9d.
nohup: input ignorato
2018-12-11 18:55:58.754+0000 INFO  ======== Neo4j 3.4.7 ========
2018-12-11 18:55:58.884+0000 INFO  Starting...
2018-12-11 18:56:02.086+0000 INFO  Initiating metrics...
2018-12-11 18:56:04.263+0000 INFO  Sending metrics to CSV file at /home/paoloc/go/src/github.com/return55/tirocinio/docDatabase/neo4j-enterprise-3.4.7/metrics
2018-12-11 18:56:04.978+0000 INFO  Bolt enabled on 127.0.0.1:7687.
2018-12-11 18:56:07.588+0000 WARN  Server thread metrics not available (missing neo4j.server.threads.jetty.all)
2018-12-11 18:56:07.592+0000 WARN  Server thread metrics not available (missing neo4j.server.threads.jetty.idle)
2018-12-11 18:56:16.174+0000 INFO  Started.
2018-12-11 18:56:16.375+0000 INFO  Mounted REST API at: /db/manage
2018-12-11 18:56:16.541+0000 INFO  Server thread metrics has been registered successfully
2018-12-11 18:56:18.364+0000 INFO  Remote interface available at http://localhost:7474/
nohup: input ignorato
2018-12-13 21:21:23.777+0000 INFO  ======== Neo4j 3.4.7 ========
2018-12-13 21:21:23.899+0000 INFO  Starting...
2018-12-13 21:21:26.987+0000 INFO  Initiating metrics...
2018-12-13 21:21:29.265+0000 INFO  Sending metrics to CSV file at /home/paoloc/go/src/github.com/return55/tirocinio/docDatabase/neo4j-enterprise-3.4.7/metrics
2018-12-13 21:21:29.894+0000 INFO  Bolt enabled on 127.0.0.1:7687.
2018-12-13 21:21:32.844+0000 WARN  Server thread metrics not available (missing neo4j.server.threads.jetty.all)
2018-12-13 21:21:32.849+0000 WARN  Server thread metrics not available (missing neo4j.server.threads.jetty.idle)
2018-12-13 21:21:50.712+0000 INFO  Started.
2018-12-13 21:21:51.044+0000 INFO  Mounted REST API at: /db/manage
2018-12-13 21:21:51.224+0000 INFO  Server thread metrics has been registered successfully
2018-12-13 21:21:52.941+0000 INFO  Remote interface available at http://localhost:7474/
2018-12-13 22:19:48.043+0000 INFO  Neo4j Server shutdown initiated by request
2018-12-13 22:19:48.198+0000 INFO  Stopping...
2018-12-13 22:19:48.741+0000 INFO  Stopped.
nohup: input ignorato
2018-12-14 08:59:03.994+0000 INFO  ======== Neo4j 3.4.7 ========
2018-12-14 08:59:04.110+0000 INFO  Starting...
2018-12-14 08:59:07.298+0000 INFO  Initiating metrics...
2018-12-14 08:59:09.642+0000 INFO  Sending metrics to CSV file at /home/paoloc/go/src/github.com/return55/tirocinio/docDatabase/neo4j-enterprise-3.4.7/metrics
2018-12-14 08:59:10.331+0000 INFO  Bolt enabled on 127.0.0.1:7687.
2018-12-14 08:59:12.996+0000 WARN  Server thread metrics not available (missing neo4j.server.threads.jetty.all)
2018-12-14 08:59:13.007+0000 WARN  Server thread metrics not available (missing neo4j.server.threads.jetty.idle)
2018-12-14 08:59:21.916+0000 INFO  Started.
2018-12-14 08:59:22.156+0000 INFO  Mounted REST API at: /db/manage
2018-12-14 08:59:22.365+0000 INFO  Server thread metrics has been registered successfully
2018-12-14 08:59:23.978+0000 INFO  Remote interface available at http://localhost:7474/
2018-12-14 09:01:32.161+0000 ERROR Client triggered an unexpected error [Neo.DatabaseError.General.UnknownError]: head of empty list, reference 319bca04-769e-4580-96a8-9f692142594f.
2018-12-14 20:16:19.798+0000 INFO  Neo4j Server shutdown initiated by request
2018-12-14 20:16:20.906+0000 INFO  Stopping...
2018-12-14 20:16:23.079+0000 INFO  Stopped.
nohup: input ignorato
2018-12-15 09:50:03.625+0000 INFO  ======== Neo4j 3.4.7 ========
2018-12-15 09:50:03.731+0000 INFO  Starting...
2018-12-15 09:50:06.828+0000 INFO  Initiating metrics...
2018-12-15 09:50:09.069+0000 INFO  Sending metrics to CSV file at /home/paoloc/go/src/github.com/return55/tirocinio/docDatabase/neo4j-enterprise-3.4.7/metrics
2018-12-15 09:50:09.775+0000 INFO  Bolt enabled on 127.0.0.1:7687.
2018-12-15 09:50:12.565+0000 WARN  Server thread metrics not available (missing neo4j.server.threads.jetty.all)
2018-12-15 09:50:12.574+0000 WARN  Server thread metrics not available (missing neo4j.server.threads.jetty.idle)
2018-12-15 09:50:21.641+0000 INFO  Started.
2018-12-15 09:50:21.871+0000 INFO  Mounted REST API at: /db/manage
2018-12-15 09:50:22.000+0000 INFO  Server thread metrics has been registered successfully
2018-12-15 09:50:23.681+0000 INFO  Remote interface available at http://localhost:7474/
2018-12-15 16:06:56.356+0000 INFO  Neo4j Server shutdown initiated by request
2018-12-15 16:07:00.216+0000 INFO  Stopping...
2018-12-15 16:07:07.798+0000 INFO  Stopped.
nohup: input ignorato
2018-12-15 16:21:49.032+0000 INFO  ======== Neo4j 3.4.7 ========
2018-12-15 16:21:49.187+0000 INFO  Starting...
2018-12-15 16:21:53.036+0000 INFO  Initiating metrics...
2018-12-15 16:21:55.598+0000 INFO  Sending metrics to CSV file at /home/paoloc/go/src/github.com/return55/tirocinio/docDatabase/neo4j-enterprise-3.4.7/metrics
2018-12-15 16:21:56.437+0000 INFO  Bolt enabled on 127.0.0.1:7687.
2018-12-15 16:21:59.201+0000 WARN  Server thread metrics not available (missing neo4j.server.threads.jetty.all)
2018-12-15 16:21:59.233+0000 WARN  Server thread metrics not available (missing neo4j.server.threads.jetty.idle)
2018-12-15 16:22:38.758+0000 INFO  Started.
2018-12-15 16:22:39.298+0000 INFO  Mounted REST API at: /db/manage
2018-12-15 16:22:39.581+0000 INFO  Server thread metrics has been registered successfully
2018-12-15 16:22:44.441+0000 INFO  Remote interface available at http://localhost:7474/
2018-12-15 16:29:48.350+0000 INFO  Neo4j Server shutdown initiated by request
2018-12-15 16:29:50.584+0000 INFO  Stopping...
2018-12-15 16:29:53.706+0000 INFO  Stopped.
nohup: input ignorato
2018-12-15 16:32:21.057+0000 INFO  ======== Neo4j 3.4.7 ========
2018-12-15 16:32:21.188+0000 INFO  Starting...
2018-12-15 16:32:24.802+0000 INFO  Initiating metrics...
2018-12-15 16:32:27.105+0000 INFO  Sending metrics to CSV file at /home/paoloc/go/src/github.com/return55/tirocinio/docDatabase/neo4j-enterprise-3.4.7/metrics
2018-12-15 16:32:27.799+0000 INFO  Bolt enabled on 127.0.0.1:7687.
2018-12-15 16:32:30.148+0000 WARN  Server thread metrics not available (missing neo4j.server.threads.jetty.all)
2018-12-15 16:32:30.161+0000 WARN  Server thread metrics not available (missing neo4j.server.threads.jetty.idle)
2018-12-15 16:32:39.971+0000 INFO  Started.
2018-12-15 16:32:40.146+0000 INFO  Mounted REST API at: /db/manage
2018-12-15 16:32:40.284+0000 INFO  Server thread metrics has been registered successfully
2018-12-15 16:32:42.092+0000 INFO  Remote interface available at http://localhost:7474/
nohup: input ignorato
2018-12-15 16:37:57.855+0000 INFO  ======== Neo4j 3.4.7 ========
2018-12-15 16:37:58.007+0000 INFO  Starting...
2018-12-15 16:38:01.417+0000 INFO  Initiating metrics...
2018-12-15 16:38:04.043+0000 INFO  Sending metrics to CSV file at /home/paoloc/go/src/github.com/return55/tirocinio/docDatabase/neo4j-enterprise-3.4.7/metrics
2018-12-15 16:38:04.690+0000 INFO  Bolt enabled on 127.0.0.1:7687.
2018-12-15 16:38:07.494+0000 WARN  Server thread metrics not available (missing neo4j.server.threads.jetty.all)
2018-12-15 16:38:07.538+0000 WARN  Server thread metrics not available (missing neo4j.server.threads.jetty.idle)
2018-12-15 16:38:16.011+0000 INFO  Started.
2018-12-15 16:38:16.206+0000 INFO  Mounted REST API at: /db/manage
2018-12-15 16:38:16.369+0000 INFO  Server thread metrics has been registered successfully
2018-12-15 16:38:18.183+0000 INFO  Remote interface available at http://localhost:7474/
2018-12-15 22:23:58.942+0000 INFO  Neo4j Server shutdown initiated by request
2018-12-15 22:23:59.839+0000 INFO  Stopping...
2018-12-15 22:24:00.915+0000 INFO  Stopped.
nohup: input ignorato
2018-12-16 12:55:57.697+0000 INFO  ======== Neo4j 3.4.7 ========
2018-12-16 12:55:57.842+0000 INFO  Starting...
2018-12-16 12:56:01.063+0000 INFO  Initiating metrics...
2018-12-16 12:56:03.554+0000 INFO  Sending metrics to CSV file at /home/paoloc/go/src/github.com/return55/tirocinio/docDatabase/neo4j-enterprise-3.4.7/metrics
2018-12-16 12:56:04.352+0000 INFO  Bolt enabled on 127.0.0.1:7687.
2018-12-16 12:56:07.059+0000 WARN  Server thread metrics not available (missing neo4j.server.threads.jetty.all)
2018-12-16 12:56:07.098+0000 WARN  Server thread metrics not available (missing neo4j.server.threads.jetty.idle)
2018-12-16 12:56:15.297+0000 INFO  Started.
2018-12-16 12:56:15.497+0000 INFO  Mounted REST API at: /db/manage
2018-12-16 12:56:15.656+0000 INFO  Server thread metrics has been registered successfully
2018-12-16 12:56:17.306+0000 INFO  Remote interface available at http://localhost:7474/
2018-12-16 18:05:07.971+0000 INFO  Neo4j Server shutdown initiated by request
2018-12-16 18:05:10.874+0000 INFO  Stopping...
2018-12-16 18:05:15.015+0000 INFO  Stopped.
nohup: input ignorato
2018-12-16 18:13:34.241+0000 INFO  ======== Neo4j 3.4.7 ========
2018-12-16 18:13:34.352+0000 INFO  Starting...
2018-12-16 18:13:37.169+0000 INFO  Initiating metrics...
2018-12-16 18:13:40.414+0000 INFO  Sending metrics to CSV file at /home/paoloc/go/src/github.com/return55/tirocinio/docDatabase/neo4j-enterprise-3.4.7/metrics
2018-12-16 18:13:41.346+0000 INFO  Bolt enabled on 127.0.0.1:7687.
2018-12-16 18:13:43.814+0000 WARN  Server thread metrics not available (missing neo4j.server.threads.jetty.all)
2018-12-16 18:13:43.822+0000 WARN  Server thread metrics not available (missing neo4j.server.threads.jetty.idle)
2018-12-16 18:13:52.278+0000 INFO  Started.
2018-12-16 18:13:52.566+0000 INFO  Mounted REST API at: /db/manage
2018-12-16 18:13:52.741+0000 INFO  Server thread metrics has been registered successfully
2018-12-16 18:13:54.394+0000 INFO  Remote interface available at http://localhost:7474/
nohup: input ignorato
2018-12-17 16:20:41.719+0000 INFO  ======== Neo4j 3.4.7 ========
2018-12-17 16:20:41.980+0000 INFO  Starting...
2018-12-17 16:20:50.668+0000 INFO  Initiating metrics...
2018-12-17 16:20:56.332+0000 INFO  Sending metrics to CSV file at /home/paoloc/go/src/github.com/return55/tirocinio/docDatabase/neo4j-enterprise-3.4.7/metrics
2018-12-17 16:20:58.008+0000 INFO  Bolt enabled on 127.0.0.1:7687.
2018-12-17 16:20:59.736+0000 WARN  Server thread metrics not available (missing neo4j.server.threads.jetty.all)
2018-12-17 16:20:59.745+0000 WARN  Server thread metrics not available (missing neo4j.server.threads.jetty.idle)
2018-12-17 16:21:27.602+0000 INFO  Started.
2018-12-17 16:21:27.916+0000 INFO  Mounted REST API at: /db/manage
2018-12-17 16:21:28.340+0000 INFO  Server thread metrics has been registered successfully
2018-12-17 16:21:32.482+0000 INFO  Remote interface available at http://localhost:7474/
nohup: input ignorato
2018-12-19 10:27:09.778+0000 INFO  ======== Neo4j 3.4.7 ========
2018-12-19 10:27:10.156+0000 INFO  Starting...
2018-12-19 10:27:23.808+0000 INFO  Initiating metrics...
2018-12-19 10:27:29.990+0000 INFO  Sending metrics to CSV file at /home/paoloc/go/src/github.com/return55/tirocinio/docDatabase/neo4j-enterprise-3.4.7/metrics
2018-12-19 10:27:31.899+0000 INFO  Bolt enabled on 127.0.0.1:7687.
2018-12-19 10:27:33.417+0000 WARN  Server thread metrics not available (missing neo4j.server.threads.jetty.all)
2018-12-19 10:27:33.435+0000 WARN  Server thread metrics not available (missing neo4j.server.threads.jetty.idle)
2018-12-19 10:27:56.715+0000 INFO  Started.
2018-12-19 10:27:56.989+0000 INFO  Mounted REST API at: /db/manage
2018-12-19 10:27:57.344+0000 INFO  Server thread metrics has been registered successfully
2018-12-19 10:28:02.099+0000 INFO  Remote interface available at http://localhost:7474/
nohup: input ignorato
2018-12-19 13:56:55.529+0000 INFO  ======== Neo4j 3.4.7 ========
2018-12-19 13:56:56.431+0000 INFO  Starting...
2018-12-19 13:57:20.671+0000 INFO  Initiating metrics...
2018-12-19 13:57:33.119+0000 INFO  Sending metrics to CSV file at /home/paoloc/go/src/github.com/return55/tirocinio/docDatabase/neo4j-enterprise-3.4.7/metrics
2018-12-19 13:57:37.827+0000 INFO  Bolt enabled on 127.0.0.1:7687.
2018-12-19 13:57:37.974+0000 WARN  Server thread metrics not available (missing neo4j.server.threads.jetty.all)
2018-12-19 13:57:37.990+0000 WARN  Server thread metrics not available (missing neo4j.server.threads.jetty.idle)
2018-12-19 13:58:22.217+0000 INFO  Started.
2018-12-19 13:58:23.207+0000 INFO  Mounted REST API at: /db/manage
2018-12-19 13:58:24.012+0000 INFO  Server thread metrics has been registered successfully
2018-12-19 13:58:30.732+0000 INFO  Remote interface available at http://localhost:7474/
nohup: input ignorato
2019-01-28 10:47:10.793+0000 INFO  ======== Neo4j 3.4.7 ========
2019-01-28 10:47:11.151+0000 INFO  Starting...
2019-01-28 10:47:23.451+0000 INFO  Initiating metrics...
2019-01-28 10:47:29.719+0000 INFO  Sending metrics to CSV file at /home/paoloc/go/src/github.com/return55/tirocinio/docDatabase/neo4j-enterprise-3.4.7/metrics
2019-01-28 10:47:31.220+0000 INFO  Bolt enabled on 127.0.0.1:7687.
2019-01-28 10:47:33.125+0000 WARN  Server thread metrics not available (missing neo4j.server.threads.jetty.all)
2019-01-28 10:47:33.143+0000 WARN  Server thread metrics not available (missing neo4j.server.threads.jetty.idle)
2019-01-28 10:47:59.375+0000 INFO  Started.
2019-01-28 10:47:59.770+0000 INFO  Mounted REST API at: /db/manage
2019-01-28 10:48:00.159+0000 INFO  Server thread metrics has been registered successfully
2019-01-28 10:48:04.170+0000 INFO  Remote interface available at http://localhost:7474/
2019-01-28 11:41:33.696+0000 INFO  Neo4j Server shutdown initiated by request
2019-01-28 11:41:33.883+0000 INFO  Stopping...
2019-01-28 11:41:34.398+0000 INFO  Stopped.
nohup: input ignorato
2019-03-15 13:55:57.278+0000 INFO  ======== Neo4j 3.4.7 ========
2019-03-15 13:55:57.928+0000 INFO  Starting...
2019-03-15 13:56:17.226+0000 INFO  Initiating metrics...
2019-03-15 13:56:30.087+0000 INFO  Sending metrics to CSV file at /home/paoloc/go/src/github.com/return55/tirocinio/docDatabase/neo4j-enterprise-3.4.7/metrics
2019-03-15 13:56:31.564+0000 INFO  Bolt enabled on 127.0.0.1:7687.
2019-03-15 13:56:33.544+0000 WARN  Server thread metrics not available (missing neo4j.server.threads.jetty.all)
2019-03-15 13:56:33.553+0000 WARN  Server thread metrics not available (missing neo4j.server.threads.jetty.idle)
2019-03-15 13:57:02.315+0000 INFO  Started.
2019-03-15 13:57:02.647+0000 INFO  Mounted REST API at: /db/manage
2019-03-15 13:57:03.112+0000 INFO  Server thread metrics has been registered successfully
2019-03-15 13:57:07.950+0000 INFO  Remote interface available at http://localhost:7474/
2019-03-15 14:03:12.949+0000 INFO  Neo4j Server shutdown initiated by request
2019-03-15 14:03:13.057+0000 INFO  Stopping...
2019-03-15 14:03:13.472+0000 INFO  Stopped.
nohup: input ignorato
2019-03-20 11:15:26.140+0000 INFO  ======== Neo4j 3.4.7 ========
2019-03-20 11:15:26.975+0000 INFO  Starting...
2019-03-20 11:15:52.210+0000 INFO  Initiating metrics...
2019-03-20 11:16:05.702+0000 INFO  Sending metrics to CSV file at /home/paoloc/go/src/github.com/return55/tirocinio/docDatabase/neo4j-enterprise-3.4.7/metrics
2019-03-20 11:16:07.526+0000 INFO  Bolt enabled on 127.0.0.1:7687.
2019-03-20 11:16:09.101+0000 WARN  Server thread metrics not available (missing neo4j.server.threads.jetty.all)
2019-03-20 11:16:09.109+0000 WARN  Server thread metrics not available (missing neo4j.server.threads.jetty.idle)
2019-03-20 11:17:01.044+0000 INFO  Started.
2019-03-20 11:17:02.027+0000 INFO  Mounted REST API at: /db/manage
2019-03-20 11:17:02.884+0000 INFO  Server thread metrics has been registered successfully
2019-03-20 11:17:11.845+0000 INFO  Remote interface available at http://localhost:7474/
nohup: input ignorato
2019-03-27 14:36:10.550+0000 INFO  ======== Neo4j 3.4.7 ========
2019-03-27 14:36:10.828+0000 INFO  Starting...
2019-03-27 14:36:17.444+0000 INFO  Initiating metrics...
2019-03-27 14:36:22.819+0000 INFO  Sending metrics to CSV file at /home/paoloc/go/src/github.com/return55/tirocinio/docDatabase/neo4j-enterprise-3.4.7/metrics
2019-03-27 14:36:23.773+0000 INFO  Bolt enabled on 127.0.0.1:7687.
2019-03-27 14:36:26.241+0000 WARN  Server thread metrics not available (missing neo4j.server.threads.jetty.all)
2019-03-27 14:36:26.273+0000 WARN  Server thread metrics not available (missing neo4j.server.threads.jetty.idle)
2019-03-27 14:36:46.417+0000 INFO  Started.
2019-03-27 14:36:46.702+0000 INFO  Mounted REST API at: /db/manage
2019-03-27 14:36:47.000+0000 INFO  Server thread metrics has been registered successfully
2019-03-27 14:36:50.954+0000 INFO  Remote interface available at http://localhost:7474/
2019-03-27 17:03:18.211+0000 INFO  Neo4j Server shutdown initiated by request
2019-03-27 17:03:18.358+0000 INFO  Stopping...
2019-03-27 17:03:18.878+0000 INFO  Stopped.
nohup: input ignorato
2019-03-29 15:13:25.515+0000 INFO  ======== Neo4j 3.4.7 ========
2019-03-29 15:13:25.648+0000 INFO  Starting...
2019-03-29 15:13:32.702+0000 INFO  Initiating metrics...
2019-03-29 15:13:36.396+0000 INFO  Sending metrics to CSV file at /home/paoloc/go/src/github.com/return55/tirocinio/docDatabase/neo4j-enterprise-3.4.7/metrics
2019-03-29 15:13:37.153+0000 INFO  Bolt enabled on 127.0.0.1:7687.
2019-03-29 15:13:39.505+0000 WARN  Server thread metrics not available (missing neo4j.server.threads.jetty.all)
2019-03-29 15:13:39.509+0000 WARN  Server thread metrics not available (missing neo4j.server.threads.jetty.idle)
2019-03-29 15:13:57.982+0000 INFO  Started.
2019-03-29 15:13:58.231+0000 INFO  Mounted REST API at: /db/manage
2019-03-29 15:13:58.417+0000 INFO  Server thread metrics has been registered successfully
2019-03-29 15:14:01.401+0000 INFO  Remote interface available at http://localhost:7474/
2019-03-29 15:15:47.275+0000 INFO  Neo4j Server shutdown initiated by request
2019-03-29 15:15:47.346+0000 INFO  Stopping...
2019-03-29 15:15:47.655+0000 INFO  Stopped.
nohup: input ignorato
2019-03-29 15:16:12.031+0000 INFO  ======== Neo4j 3.4.7 ========
2019-03-29 15:16:12.178+0000 INFO  Starting...
2019-03-29 15:16:16.242+0000 INFO  Initiating metrics...
2019-03-29 15:16:19.172+0000 INFO  Sending metrics to CSV file at /home/paoloc/go/src/github.com/return55/tirocinio/docDatabase/neo4j-enterprise-3.4.7/metrics
2019-03-29 15:16:19.863+0000 INFO  Bolt enabled on 127.0.0.1:7687.
2019-03-29 15:16:22.228+0000 WARN  Server thread metrics not available (missing neo4j.server.threads.jetty.all)
2019-03-29 15:16:22.232+0000 WARN  Server thread metrics not available (missing neo4j.server.threads.jetty.idle)
2019-03-29 15:16:39.975+0000 INFO  Started.
2019-03-29 15:16:40.207+0000 INFO  Mounted REST API at: /db/manage
2019-03-29 15:16:40.479+0000 INFO  Server thread metrics has been registered successfully
2019-03-29 15:16:43.067+0000 INFO  Remote interface available at http://localhost:7474/
2019-03-29 16:37:30.867+0000 INFO  Neo4j Server shutdown initiated by request
2019-03-29 16:37:30.936+0000 INFO  Stopping...
2019-03-29 16:37:31.388+0000 INFO  Stopped.
nohup: input ignorato
2019-03-29 17:27:32.045+0000 INFO  ======== Neo4j 3.4.7 ========
2019-03-29 17:27:32.178+0000 INFO  Starting...
2019-03-29 17:27:36.336+0000 INFO  Initiating metrics...
2019-03-29 17:27:39.617+0000 INFO  Sending metrics to CSV file at /home/paoloc/go/src/github.com/return55/tirocinio/docDatabase/neo4j-enterprise-3.4.7/metrics
2019-03-29 17:27:40.224+0000 INFO  Bolt enabled on 127.0.0.1:7687.
2019-03-29 17:27:42.688+0000 WARN  Server thread metrics not available (missing neo4j.server.threads.jetty.all)
2019-03-29 17:27:42.695+0000 WARN  Server thread metrics not available (missing neo4j.server.threads.jetty.idle)
2019-03-29 17:28:04.702+0000 INFO  Started.
2019-03-29 17:28:05.192+0000 INFO  Mounted REST API at: /db/manage
2019-03-29 17:28:05.572+0000 INFO  Server thread metrics has been registered successfully
2019-03-29 17:28:08.415+0000 INFO  Remote interface available at http://localhost:7474/
2019-03-29 17:42:19.265+0000 INFO  Neo4j Server shutdown initiated by request
2019-03-29 17:42:19.458+0000 INFO  Stopping...
2019-03-29 17:42:20.135+0000 INFO  Stopped.
nohup: input ignorato
2019-03-29 17:45:40.273+0000 INFO  ======== Neo4j 3.4.7 ========
2019-03-29 17:45:40.504+0000 INFO  Starting...
2019-03-29 17:45:46.674+0000 INFO  Initiating metrics...
2019-03-29 17:45:51.460+0000 INFO  Sending metrics to CSV file at /home/paoloc/go/src/github.com/return55/tirocinio/docDatabase/neo4j-enterprise-3.4.7/metrics
2019-03-29 17:45:52.517+0000 INFO  Bolt enabled on 127.0.0.1:7687.
2019-03-29 17:45:54.860+0000 WARN  Server thread metrics not available (missing neo4j.server.threads.jetty.all)
2019-03-29 17:45:54.890+0000 WARN  Server thread metrics not available (missing neo4j.server.threads.jetty.idle)
2019-03-29 17:45:56.556+0000 INFO  Neo4j Server shutdown initiated by request
2019-03-29 17:46:15.023+0000 INFO  Started.
2019-03-29 17:46:15.287+0000 INFO  Mounted REST API at: /db/manage
2019-03-29 17:46:15.573+0000 INFO  Server thread metrics has been registered successfully
2019-03-29 17:46:18.769+0000 INFO  Remote interface available at http://localhost:7474/
2019-03-29 17:46:18.845+0000 INFO  Stopping...
2019-03-29 17:46:19.235+0000 INFO  Stopped.
nohup: input ignorato
2019-03-29 17:46:50.617+0000 INFO  ======== Neo4j 3.4.7 ========
2019-03-29 17:46:50.755+0000 INFO  Starting...
2019-03-29 17:46:55.334+0000 INFO  Initiating metrics...
2019-03-29 17:46:58.177+0000 INFO  Sending metrics to CSV file at /home/paoloc/go/src/github.com/return55/tirocinio/docDatabase/neo4j-enterprise-3.4.7/metrics
2019-03-29 17:46:58.897+0000 INFO  Bolt enabled on 127.0.0.1:7687.
2019-03-29 17:47:01.227+0000 WARN  Server thread metrics not available (missing neo4j.server.threads.jetty.all)
2019-03-29 17:47:01.228+0000 WARN  Server thread metrics not available (missing neo4j.server.threads.jetty.idle)
2019-03-29 17:47:15.743+0000 INFO  Started.
2019-03-29 17:47:15.903+0000 INFO  Mounted REST API at: /db/manage
2019-03-29 17:47:16.088+0000 INFO  Server thread metrics has been registered successfully
2019-03-29 17:47:18.585+0000 INFO  Remote interface available at http://localhost:7474/
2019-03-29 18:22:02.204+0000 INFO  Neo4j Server shutdown initiated by request
2019-03-29 18:22:02.252+0000 INFO  Stopping...
2019-03-29 18:22:02.572+0000 INFO  Stopped.
nohup: input ignorato
2019-03-30 08:15:09.502+0000 INFO  ======== Neo4j 3.4.7 ========
2019-03-30 08:15:09.831+0000 INFO  Starting...
2019-03-30 08:15:23.814+0000 INFO  Initiating metrics...
2019-03-30 08:15:29.653+0000 INFO  Sending metrics to CSV file at /home/paoloc/go/src/github.com/return55/tirocinio/docDatabase/neo4j-enterprise-3.4.7/metrics
2019-03-30 08:15:31.080+0000 INFO  Bolt enabled on 127.0.0.1:7687.
2019-03-30 08:15:33.062+0000 WARN  Server thread metrics not available (missing neo4j.server.threads.jetty.all)
2019-03-30 08:15:33.092+0000 WARN  Server thread metrics not available (missing neo4j.server.threads.jetty.idle)
2019-03-30 08:16:24.708+0000 INFO  Started.
2019-03-30 08:16:25.874+0000 INFO  Mounted REST API at: /db/manage
2019-03-30 08:16:27.315+0000 INFO  Server thread metrics has been registered successfully
2019-03-30 08:16:33.344+0000 INFO  Remote interface available at http://localhost:7474/
2019-03-30 16:50:48.226+0000 INFO  Neo4j Server shutdown initiated by request
2019-03-30 16:50:49.301+0000 INFO  Stopping...
2019-03-30 16:50:51.093+0000 INFO  Stopped.
nohup: input ignorato
2019-03-31 07:45:17.528+0000 INFO  ======== Neo4j 3.4.7 ========
2019-03-31 07:45:18.250+0000 INFO  Starting...
2019-03-31 07:45:28.534+0000 INFO  Initiating metrics...
2019-03-31 07:45:33.376+0000 INFO  Sending metrics to CSV file at /home/paoloc/go/src/github.com/return55/tirocinio/docDatabase/neo4j-enterprise-3.4.7/metrics
2019-03-31 07:45:34.328+0000 INFO  Bolt enabled on 127.0.0.1:7687.
2019-03-31 07:45:36.912+0000 WARN  Server thread metrics not available (missing neo4j.server.threads.jetty.all)
2019-03-31 07:45:36.942+0000 WARN  Server thread metrics not available (missing neo4j.server.threads.jetty.idle)
2019-03-31 07:45:59.867+0000 INFO  Started.
2019-03-31 07:46:00.207+0000 INFO  Mounted REST API at: /db/manage
2019-03-31 07:46:00.621+0000 INFO  Server thread metrics has been registered successfully
2019-03-31 07:46:04.285+0000 INFO  Remote interface available at http://localhost:7474/
nohup: input ignorato
2019-03-31 10:17:01.495+0000 INFO  ======== Neo4j 3.4.7 ========
2019-03-31 10:17:01.735+0000 INFO  Starting...
2019-03-31 10:17:06.657+0000 INFO  Initiating metrics...
2019-03-31 10:17:11.103+0000 INFO  Sending metrics to CSV file at /home/paoloc/go/src/github.com/return55/tirocinio/docDatabase/neo4j-enterprise-3.4.7/metrics
2019-03-31 10:17:12.115+0000 INFO  Bolt enabled on 127.0.0.1:7687.
2019-03-31 10:17:14.445+0000 WARN  Server thread metrics not available (missing neo4j.server.threads.jetty.all)
2019-03-31 10:17:14.473+0000 WARN  Server thread metrics not available (missing neo4j.server.threads.jetty.idle)
2019-03-31 10:17:34.987+0000 INFO  Started.
2019-03-31 10:17:35.544+0000 INFO  Mounted REST API at: /db/manage
2019-03-31 10:17:35.778+0000 INFO  Server thread metrics has been registered successfully
2019-03-31 10:17:38.826+0000 INFO  Remote interface available at http://localhost:7474/
nohup: input ignorato
2019-03-31 14:46:32.114+0000 INFO  ======== Neo4j 3.4.7 ========
2019-03-31 14:46:32.410+0000 INFO  Starting...
2019-03-31 14:46:39.691+0000 INFO  Initiating metrics...
2019-03-31 14:46:44.767+0000 INFO  Sending metrics to CSV file at /home/paoloc/go/src/github.com/return55/tirocinio/docDatabase/neo4j-enterprise-3.4.7/metrics
2019-03-31 14:46:45.733+0000 INFO  Bolt enabled on 127.0.0.1:7687.
2019-03-31 14:46:48.189+0000 WARN  Server thread metrics not available (missing neo4j.server.threads.jetty.all)
2019-03-31 14:46:48.216+0000 WARN  Server thread metrics not available (missing neo4j.server.threads.jetty.idle)
2019-03-31 14:47:40.797+0000 INFO  Started.
2019-03-31 14:47:41.317+0000 INFO  Mounted REST API at: /db/manage
2019-03-31 14:47:42.006+0000 INFO  Server thread metrics has been registered successfully
2019-03-31 14:47:46.196+0000 INFO  Remote interface available at http://localhost:7474/
nohup: input ignorato
2019-03-31 14:58:55.126+0000 INFO  ======== Neo4j 3.4.7 ========
2019-03-31 14:58:55.378+0000 INFO  Starting...
2019-03-31 14:59:02.564+0000 INFO  Initiating metrics...
2019-03-31 14:59:07.250+0000 INFO  Sending metrics to CSV file at /home/paoloc/go/src/github.com/return55/tirocinio/docDatabase/neo4j-enterprise-3.4.7/metrics
2019-03-31 14:59:08.534+0000 INFO  Bolt enabled on 127.0.0.1:7687.
2019-03-31 14:59:10.726+0000 WARN  Server thread metrics not available (missing neo4j.server.threads.jetty.all)
2019-03-31 14:59:10.753+0000 WARN  Server thread metrics not available (missing neo4j.server.threads.jetty.idle)
2019-03-31 14:59:30.733+0000 INFO  Started.
2019-03-31 14:59:31.215+0000 INFO  Mounted REST API at: /db/manage
2019-03-31 14:59:31.492+0000 INFO  Server thread metrics has been registered successfully
2019-03-31 14:59:34.262+0000 INFO  Remote interface available at http://localhost:7474/
2019-03-31 15:43:46.276+0000 INFO  Neo4j Server shutdown initiated by request
2019-03-31 15:43:46.389+0000 INFO  Stopping...
2019-03-31 15:43:46.736+0000 INFO  Stopped.
nohup: input ignorato
2019-03-31 16:00:27.078+0000 INFO  ======== Neo4j 3.4.7 ========
2019-03-31 16:00:27.316+0000 INFO  Starting...
2019-03-31 16:00:35.208+0000 INFO  Initiating metrics...
2019-03-31 16:00:45.960+0000 INFO  Sending metrics to CSV file at /home/paoloc/go/src/github.com/return55/tirocinio/docDatabase/neo4j-enterprise-3.4.7/metrics
2019-03-31 16:00:48.828+0000 INFO  Bolt enabled on 127.0.0.1:7687.
2019-03-31 16:00:49.540+0000 WARN  Server thread metrics not available (missing neo4j.server.threads.jetty.all)
2019-03-31 16:00:49.567+0000 WARN  Server thread metrics not available (missing neo4j.server.threads.jetty.idle)
2019-03-31 16:01:41.719+0000 INFO  Started.
2019-03-31 16:01:42.080+0000 INFO  Mounted REST API at: /db/manage
2019-03-31 16:01:42.377+0000 INFO  Server thread metrics has been registered successfully
2019-03-31 16:01:45.933+0000 INFO  Remote interface available at http://localhost:7474/
nohup: input ignorato
2019-04-01 07:42:01.538+0000 INFO  ======== Neo4j 3.4.7 ========
2019-04-01 07:42:02.029+0000 INFO  Starting...
2019-04-01 07:42:09.327+0000 INFO  Initiating metrics...
2019-04-01 07:42:14.250+0000 INFO  Sending metrics to CSV file at /home/paoloc/go/src/github.com/return55/tirocinio/docDatabase/neo4j-enterprise-3.4.7/metrics
2019-04-01 07:42:15.558+0000 INFO  Bolt enabled on 127.0.0.1:7687.
2019-04-01 07:42:17.865+0000 WARN  Server thread metrics not available (missing neo4j.server.threads.jetty.all)
2019-04-01 07:42:17.892+0000 WARN  Server thread metrics not available (missing neo4j.server.threads.jetty.idle)
2019-04-01 07:42:57.261+0000 INFO  Started.
2019-04-01 07:42:58.001+0000 INFO  Mounted REST API at: /db/manage
2019-04-01 07:42:59.137+0000 INFO  Server thread metrics has been registered successfully
2019-04-01 07:43:04.000+0000 INFO  Remote interface available at http://localhost:7474/
2019-04-01 12:37:38.386+0000 INFO  Neo4j Server shutdown initiated by request
2019-04-01 12:37:38.517+0000 INFO  Stopping...
2019-04-01 12:37:39.453+0000 INFO  Stopped.
nohup: input ignorato
2019-04-02 09:24:38.077+0000 INFO  ======== Neo4j 3.4.7 ========
2019-04-02 09:24:38.572+0000 INFO  Starting...
2019-04-02 09:24:50.105+0000 INFO  Initiating metrics...
2019-04-02 09:25:04.962+0000 INFO  Sending metrics to CSV file at /home/paoloc/go/src/github.com/return55/tirocinio/docDatabase/neo4j-enterprise-3.4.7/metrics
2019-04-02 09:25:08.914+0000 WARN  Server thread metrics not available (missing neo4j.server.threads.jetty.all)
2019-04-02 09:25:08.950+0000 WARN  Server thread metrics not available (missing neo4j.server.threads.jetty.idle)
2019-04-02 09:25:09.838+0000 INFO  Bolt enabled on 127.0.0.1:7687.
2019-04-02 09:26:20.690+0000 INFO  Started.
2019-04-02 09:26:21.101+0000 INFO  Mounted REST API at: /db/manage
2019-04-02 09:26:21.668+0000 INFO  Server thread metrics has been registered successfully
2019-04-02 09:26:31.459+0000 INFO  Remote interface available at http://localhost:7474/
